Determining if the pthread_create exist failed with the following output:
Change Dir: /home/nishant/Motion_Planning_Project/mp_project/build/CMakeFiles/CMakeTmp

Run Build Command:"/usr/bin/make" "cmTC_ec54d/fast"
/usr/bin/make -f CMakeFiles/cmTC_ec54d.dir/build.make CMakeFiles/cmTC_ec54d.dir/build
make[1]: Entering directory `/home/nishant/Motion_Planning_Project/mp_project/build/CMakeFiles/CMakeTmp'
Building C object CMakeFiles/cmTC_ec54d.dir/CheckSymbolExists.c.o
/usr/bin/cc     -o CMakeFiles/cmTC_ec54d.dir/CheckSymbolExists.c.o   -c /home/nishant/Motion_Planning_Project/mp_project/build/CMakeFiles/CMakeTmp/CheckSymbolExists.c
Linking C executable cmTC_ec54d
/usr/local/bin/cmake -E cmake_link_script CMakeFiles/cmTC_ec54d.dir/link.txt --verbose=1
/usr/bin/cc       CMakeFiles/cmTC_ec54d.dir/CheckSymbolExists.c.o  -o cmTC_ec54d -rdynamic 
CMakeFiles/cmTC_ec54d.dir/CheckSymbolExists.c.o: In function `main':
CheckSymbolExists.c:(.text+0x16): undefined reference to `pthread_create'
collect2: ld returned 1 exit status
make[1]: *** [cmTC_ec54d] Error 1
make[1]: Leaving directory `/home/nishant/Motion_Planning_Project/mp_project/build/CMakeFiles/CMakeTmp'
make: *** [cmTC_ec54d/fast] Error 2

File /home/nishant/Motion_Planning_Project/mp_project/build/CMakeFiles/CMakeTmp/CheckSymbolExists.c:
/* */
#include <pthread.h>

int main(int argc, char** argv)
{
  (void)argv;
#ifndef pthread_create
  return ((int*)(&pthread_create))[argc];
#else
  (void)argc;
  return 0;
#endif
}

Determining if the function pthread_create exists in the pthreads failed with the following output:
Change Dir: /home/nishant/Motion_Planning_Project/mp_project/build/CMakeFiles/CMakeTmp

Run Build Command:"/usr/bin/make" "cmTC_9c926/fast"
/usr/bin/make -f CMakeFiles/cmTC_9c926.dir/build.make CMakeFiles/cmTC_9c926.dir/build
make[1]: Entering directory `/home/nishant/Motion_Planning_Project/mp_project/build/CMakeFiles/CMakeTmp'
Building C object CMakeFiles/cmTC_9c926.dir/CheckFunctionExists.c.o
/usr/bin/cc    -DCHECK_FUNCTION_EXISTS=pthread_create   -o CMakeFiles/cmTC_9c926.dir/CheckFunctionExists.c.o   -c /usr/local/share/cmake-3.5/Modules/CheckFunctionExists.c
Linking C executable cmTC_9c926
/usr/local/bin/cmake -E cmake_link_script CMakeFiles/cmTC_9c926.dir/link.txt --verbose=1
/usr/bin/cc   -DCHECK_FUNCTION_EXISTS=pthread_create    CMakeFiles/cmTC_9c926.dir/CheckFunctionExists.c.o  -o cmTC_9c926 -rdynamic -lpthreads 
/usr/bin/ld: cannot find -lpthreads
collect2: ld returned 1 exit status
make[1]: *** [cmTC_9c926] Error 1
make[1]: Leaving directory `/home/nishant/Motion_Planning_Project/mp_project/build/CMakeFiles/CMakeTmp'
make: *** [cmTC_9c926/fast] Error 2


